0 info it worked if it ends with ok
1 verbose cli [ 'C:\\Program Files\\nodejs\\node.exe',
1 verbose cli   'C:\\Program Files\\nodejs\\node_modules\\npm\\bin\\npm-cli.js',
1 verbose cli   'run',
1 verbose cli   'dev' ]
2 info using npm@4.0.3
3 info using node@v4.2.3
4 verbose run-script [ 'predev', 'dev', 'postdev' ]
5 info lifecycle playground@1.0.0~predev: playground@1.0.0
6 silly lifecycle playground@1.0.0~predev: no script for predev, continuing
7 info lifecycle playground@1.0.0~dev: playground@1.0.0
8 verbose lifecycle playground@1.0.0~dev: unsafe-perm in lifecycle true
9 verbose lifecycle playground@1.0.0~dev: PATH: C:\Program Files\nodejs\node_modules\npm\bin\node-gyp-bin;C:\Users\Syd\Documents\Apps\LearningReact\playground\node_modules\.bin;C:\Users\Syd\bin;C:\Program Files\Git\mingw64\bin;C:\Program Files\Git\usr\local\bin;C:\Program Files\Git\usr\bin;C:\Program Files\Git\usr\bin;C:\Program Files\Git\mingw64\bin;C:\Program Files\Git\usr\bin;C:\Users\Syd\bin;C:\Program Files\ImageMagick-7.0.2-Q16;C:\ProgramData\Oracle\Java\javapath;C:\Program Files\Common Files\Microsoft Shared\Windows Live;C:\Program Files (x86)\Common Files\Microsoft Shared\Windows Live;C:\Python27;C:\Python27\Scripts;C:\Windows\system32;C:\Windows;C:\Windows\System32\Wbem;C:\Windows\System32\WindowsPowerShell\v1.0;C:\Program Files\nodejs;C:\Program Files (x86)\AMD\ATI.ACE\Core-Static;C:\Program Files\Git\cmd;C:\Program Files (x86)\Windows Live\Shared;C:\Program Files (x86)\Skype\Phone;C:\HashiCorp\Vagrant\bin;C:\Program Files\Git\usr\bin;C:\Program Files (x86)\GtkSharp\2.12\bin;C:\Users\Syd\Anaconda2;C:\Users\Syd\Anaconda2\Scripts;C:\Users\Syd\Anaconda2\Library\bin;C:\Users\Syd\AppData\Roaming\npm;C:\Users\Syd\AppData\Local\atom\bin;C:\Users\Syd\AppData\Local\.meteor;C:\Program Files (x86)\Google\google_appengine;C:\Program Files\Git\usr\bin\vendor_perl;C:\Program Files\Git\usr\bin\core_perl
10 verbose lifecycle playground@1.0.0~dev: CWD: C:\Users\Syd\Documents\Apps\LearningReact\playground
11 silly lifecycle playground@1.0.0~dev: Args: [ '/d /s /c', 'webpack -d --watch' ]
12 silly lifecycle playground@1.0.0~dev: Returned: code: 3221225786  signal: null
13 info lifecycle playground@1.0.0~dev: Failed to exec dev script
14 verbose stack Error: playground@1.0.0 dev: `webpack -d --watch`
14 verbose stack Exit status 3221225786
14 verbose stack     at EventEmitter.<anonymous> (C:\Program Files\nodejs\node_modules\npm\lib\utils\lifecycle.js:279:16)
14 verbose stack     at emitTwo (events.js:87:13)
14 verbose stack     at EventEmitter.emit (events.js:172:7)
14 verbose stack     at ChildProcess.<anonymous> (C:\Program Files\nodejs\node_modules\npm\lib\utils\spawn.js:40:14)
14 verbose stack     at emitTwo (events.js:87:13)
14 verbose stack     at ChildProcess.emit (events.js:172:7)
14 verbose stack     at maybeClose (internal/child_process.js:818:16)
14 verbose stack     at Process.ChildProcess._handle.onexit (internal/child_process.js:211:5)
15 verbose pkgid playground@1.0.0
16 verbose cwd C:\Users\Syd\Documents\Apps\LearningReact\playground
17 error Windows_NT 6.1.7601
18 error argv "C:\\Program Files\\nodejs\\node.exe" "C:\\Program Files\\nodejs\\node_modules\\npm\\bin\\npm-cli.js" "run" "dev"
19 error node v4.2.3
20 error npm  v4.0.3
21 error code ELIFECYCLE
22 error playground@1.0.0 dev: `webpack -d --watch`
22 error Exit status 3221225786
23 error Failed at the playground@1.0.0 dev script 'webpack -d --watch'.
23 error Make sure you have the latest version of node.js and npm installed.
23 error If you do, this is most likely a problem with the playground package,
23 error not with npm itself.
23 error Tell the author that this fails on your system:
23 error     webpack -d --watch
23 error You can get information on how to open an issue for this project with:
23 error     npm bugs playground
23 error Or if that isn't available, you can get their info via:
23 error     npm owner ls playground
23 error There is likely additional logging output above.
24 verbose exit [ 1, true ]
